\BOOKMARK [0][-]{chapter.1}{\376\377\000A\000n\000a\000l\000y\000s\000i\000s\000\040\000o\000f\000\040\000v\000a\000r\000i\000a\000n\000c\000e\000\040\000\050\000A\000N\000O\000V\000A\000\051}{}% 1
\BOOKMARK [0][-]{chapter.2}{\376\377\000B\000i\000a\000s\000-\000v\000a\000r\000i\000a\000n\000c\000e\000\040\000t\000r\000a\000d\000e\000o\000f\000f}{}% 2
\BOOKMARK [0][-]{chapter.3}{\376\377\000B\000o\000o\000t\000s\000t\000r\000a\000p}{}% 3
\BOOKMARK [0][-]{chapter.4}{\376\377\000C\000a\000u\000s\000a\000t\000i\000o\000n\000,\000\040\000c\000a\000u\000s\000a\000l\000i\000t\000y}{}% 4
\BOOKMARK [0][-]{chapter.5}{\376\377\000C\000e\000n\000t\000r\000a\000l\000\040\000l\000i\000m\000i\000t\000\040\000t\000h\000e\000o\000r\000e\000m\000,\000\040\000C\000L\000T}{}% 5
\BOOKMARK [0][-]{chapter.6}{\376\377\000M\000a\000x\000i\000m\000u\000m\000\040\000l\000i\000k\000e\000l\000i\000h\000o\000o\000d}{}% 6
\BOOKMARK [0][-]{chapter.7}{\376\377\000M\000o\000d\000e}{}% 7
\BOOKMARK [0][-]{chapter.8}{\376\377\000O\000r\000d\000i\000n\000a\000r\000y\000\040\000l\000e\000a\000s\000t\000\040\000s\000q\000u\000a\000r\000e\000s\000,\000\040\000O\000L\000S}{}% 8
\BOOKMARK [0][-]{chapter.9}{\376\377\000P\000r\000i\000n\000c\000i\000p\000a\000l\000\040\000c\000o\000m\000p\000o\000n\000e\000n\000t\000s\000\040\000a\000n\000a\000l\000y\000s\000i\000s\000,\000\040\000P\000C\000A}{}% 9
\BOOKMARK [0][-]{chapter.10}{\376\377\000S\000i\000m\000u\000l\000a\000t\000i\000o\000n}{}% 10
\BOOKMARK [0][-]{chapter.11}{\376\377\0002\000.\000\040\000T\000e\000x\000t\000b\000o\000o\000k\000s\000\040\000a\000n\000d\000\040\000c\000o\000u\000r\000s\000e\000s}{}% 11
\BOOKMARK [0][-]{chapter.12}{\376\377\0003\000.\000\040\000T\000h\000e\000\040\000s\000c\000i\000e\000n\000c\000e\000\040\000o\000f\000\040\000t\000e\000a\000c\000h\000i\000n\000g}{}% 12
\BOOKMARK [0][-]{chapter.13}{\376\377\0004\000.\000\040\000H\000i\000s\000t\000o\000r\000y\000\040\000o\000f\000\040\000e\000c\000o\000n\000o\000m\000e\000t\000r\000i\000c\000s}{}% 13
\BOOKMARK [0][-]{chapter.14}{\376\377\000D\000a\000t\000a}{}% 14
\BOOKMARK [0][-]{chapter.15}{\376\377\000S\000o\000f\000t\000w\000a\000r\000e}{}% 15
\BOOKMARK [0][-]{chapter.16}{\376\377\000B\000l\000o\000g\000s}{}% 16
\BOOKMARK [0][-]{chapter.17}{\376\377\000G\000o\000o\000d\000\040\000c\000l\000u\000e\000s\000\040\000f\000r\000o\000m\000\040\000T\000w\000i\000t\000t\000e\000r}{}% 17
\BOOKMARK [0][-]{chapter.18}{\376\377\000A\000c\000r\000o\000n\000y\000m\000s}{}% 18
\BOOKMARK [0][-]{chapter.19}{\376\377\000R\000o\000a\000d\000m\000a\000p}{}% 19
\BOOKMARK [0][-]{chapter.20}{\376\377\000W\000e\000l\000c\000o\000m\000e\000\040\000t\000o\000\040\000E\000c\000o\000n\000o\000m\000e\000t\000r\000i\000c\000s\000\040\000N\000a\000v\000i\000g\000a\000t\000o\000r\000!}{}% 20
